2023-08-21 16:07:31 - Neovide panicked with the message 'Could not parse event from neovim: invalid string format []'. (File: src/error_handling.rs; Line: 5, Column: 5)
   0: __mh_execute_header
   1: __mh_execute_header
   2: __mh_execute_header
   3: __mh_execute_header
   4: __mh_execute_header
   5: __mh_execute_header
   6: __mh_execute_header
   7: __mh_execute_header
   8: __mh_execute_header
   9: __mh_execute_header
  10: __mh_execute_header
  11: __mh_execute_header
  12: __mh_execute_header
  13: __mh_execute_header
  14: __mh_execute_header
  15: __mh_execute_header
  16: __mh_execute_header
  17: __mh_execute_header
  18: __pthread_deallocate

2023-08-26 08:24:09 - Neovide panicked with the message 'Could not parse event from neovim: invalid array format 0'. (File: src/error_handling.rs; Line: 5, Column: 5)
   0: __mh_execute_header
   1: __mh_execute_header
   2: __mh_execute_header
   3: __mh_execute_header
   4: __mh_execute_header
   5: __mh_execute_header
   6: __mh_execute_header
   7: __mh_execute_header
   8: __mh_execute_header
   9: __mh_execute_header
  10: __mh_execute_header
  11: __mh_execute_header
  12: __mh_execute_header
  13: __mh_execute_header
  14: __mh_execute_header
  15: __mh_execute_header
  16: __mh_execute_header
  17: __mh_execute_header
  18: __pthread_deallocate

